android/app/build/intermediates/manifest_merge_blame_file/debug/manifest-merger-blame-debug-report.txt
1<?xml version="1.0" encoding="utf-8"?>
2<manifest xmlns:android="http://schemas.android.com/apk/res/android"
3    package="com.appname"
4    android:versionCode="1"
5    android:versionName="1.0" >
6
7    <uses-sdk
8        android:minSdkVersion="21"
9        android:targetSdkVersion="30" />
10
11    <uses-permission android:name="android.permission.SYSTEM_ALERT_WINDOW" />
11-->src\debug\AndroidManifest.xml:5:5-77
11-->src\debug\AndroidManifest.xml:5:22-75
12    <uses-permission android:name="android.permission.INTERNET" />
12-->src\main\AndroidManifest.xml:4:5-67
12-->src\main\AndroidManifest.xml:4:22-64
13    <uses-permission android:name="android.permission.ACCESS_WIFI_STATE" /> <!-- Although the *SdkVersion is captured in gradle build files, this is required for non gradle builds -->
13-->[com.facebook.flipper:flipper:0.99.0] AndroidManifest.xml:16:5-76
13-->[com.facebook.flipper:flipper:0.99.0] AndroidManifest.xml:16:22-73
14    <!-- <uses-sdk android:minSdkVersion="14" /> -->
15    <uses-permission android:name="android.permission.ACCESS_NETWORK_STATE" />
15-->[com.google.firebase:firebase-firestore:24.0.2] AndroidManifest.xml:13:5-79
15-->[com.google.firebase:firebase-firestore:24.0.2] AndroidManifest.xml:13:22-76
16    <uses-permission android:name="android.permission.WAKE_LOCK" />
16-->[com.google.android.gms:play-services-measurement-api:20.1.1] AndroidManifest.xml:24:5-68
16-->[com.google.android.gms:play-services-measurement-api:20.1.1] AndroidManifest.xml:24:22-65
17    <uses-permission android:name="com.google.android.gms.permission.AD_ID" />
17-->[com.google.android.gms:play-services-measurement-api:20.1.1] AndroidManifest.xml:25:5-79
17-->[com.google.android.gms:play-services-measurement-api:20.1.1] AndroidManifest.xml:25:22-76
18
19    <uses-feature
19-->[com.google.android.gms:play-services-maps:17.0.0] AndroidManifest.xml:26:5-28:35
20        android:glEsVersion="0x00020000"
20-->[com.google.android.gms:play-services-maps:17.0.0] AndroidManifest.xml:27:9-41
21        android:required="true" />
21-->[com.google.android.gms:play-services-maps:17.0.0] AndroidManifest.xml:28:9-32
22
23    <uses-permission android:name="com.google.android.finsky.permission.BIND_GET_INSTALL_REFERRER_SERVICE" />
23-->[com.google.android.gms:play-services-measurement:20.1.1] AndroidManifest.xml:26:5-110
23-->[com.google.android.gms:play-services-measurement:20.1.1] AndroidManifest.xml:26:22-107
24
25    <application
25-->src\main\AndroidManifest.xml:6:5-24:19
26        android:name="com.appname.MainApplication"
26-->src\main\AndroidManifest.xml:7:7-38
27        android:allowBackup="false"
27-->src\main\AndroidManifest.xml:11:7-34
28        android:appComponentFactory="androidx.core.app.CoreComponentFactory"
28-->[androidx.core:core:1.6.0] AndroidManifest.xml:24:18-86
29        android:debuggable="true"
30        android:icon="@mipmap/ic_launcher"
30-->src\main\AndroidManifest.xml:9:7-41
31        android:label="@string/app_name"
31-->src\main\AndroidManifest.xml:8:7-39
32        android:roundIcon="@mipmap/ic_launcher_round"
32-->src\main\AndroidManifest.xml:10:7-52
33        android:theme="@style/AppTheme"
33-->src\main\AndroidManifest.xml:12:7-38
34        android:usesCleartextTraffic="true" >
34-->src\debug\AndroidManifest.xml:8:9-44
35        <activity android:name="com.facebook.react.devsupport.DevSettingsActivity" />
35-->src\debug\AndroidManifest.xml:11:9-86
35-->src\debug\AndroidManifest.xml:11:19-83
36        <activity
36-->src\main\AndroidManifest.xml:13:7-23:18
37            android:name="com.appname.MainActivity"
37-->src\main\AndroidManifest.xml:14:9-37
38            android:configChanges="keyboard|keyboardHidden|orientation|screenSize|uiMode"
38-->src\main\AndroidManifest.xml:16:9-86
39            android:label="@string/app_name"
39-->src\main\AndroidManifest.xml:15:9-41
40            android:launchMode="singleTask"
40-->src\main\AndroidManifest.xml:17:9-40
41            android:windowSoftInputMode="adjustResize" >
41-->src\main\AndroidManifest.xml:18:9-51
42            <intent-filter>
42-->src\main\AndroidManifest.xml:19:9-22:25
43                <action android:name="android.intent.action.MAIN" />
43-->src\main\AndroidManifest.xml:20:13-65
43-->src\main\AndroidManifest.xml:20:21-62
44
45                <category android:name="android.intent.category.LAUNCHER" />
45-->src\main\AndroidManifest.xml:21:13-73
45-->src\main\AndroidManifest.xml:21:23-70
46            </intent-filter>
47        </activity>
48
49        <meta-data
49-->[:react-native-firebase_app] AndroidManifest.xml:10:9-12:36
50            android:name="app_data_collection_default_enabled"
50-->[:react-native-firebase_app] AndroidManifest.xml:11:13-63
51            android:value="true" />
51-->[:react-native-firebase_app] AndroidManifest.xml:12:13-33
52
53        <service
53-->[:react-native-firebase_app] AndroidManifest.xml:14:9-18:19
54            android:name="com.google.firebase.components.ComponentDiscoveryService"
54-->[:react-native-firebase_app] AndroidManifest.xml:14:18-89
55            android:directBootAware="true"
55-->[com.google.firebase:firebase-common:20.1.0] AndroidManifest.xml:35:13-43
56            android:exported="false" >
56-->[com.google.firebase:firebase-firestore:24.0.2] AndroidManifest.xml:19:13-37
57            <meta-data
57-->[:react-native-firebase_app] AndroidManifest.xml:15:13-17:85
58                android:name="com.google.firebase.components:io.invertase.firebase.app.ReactNativeFirebaseAppRegistrar"
58-->[:react-native-firebase_app] AndroidManifest.xml:16:17-120
59                android:value="com.google.firebase.components.ComponentRegistrar" />
59-->[:react-native-firebase_app] AndroidManifest.xml:17:17-82
60            <meta-data
60-->[com.google.firebase:firebase-firestore:24.0.2] AndroidManifest.xml:20:13-22:85
61                android:name="com.google.firebase.components:com.google.firebase.firestore.FirestoreRegistrar"
61-->[com.google.firebase:firebase-firestore:24.0.2] AndroidManifest.xml:21:17-111
62                android:value="com.google.firebase.components.ComponentRegistrar" />
62-->[com.google.firebase:firebase-firestore:24.0.2] AndroidManifest.xml:22:17-82
63            <meta-data
63-->[com.google.android.gms:play-services-measurement-api:20.1.1] AndroidManifest.xml:31:13-33:85
64                android:name="com.google.firebase.components:com.google.firebase.analytics.connector.internal.AnalyticsConnectorRegistrar"
64-->[com.google.android.gms:play-services-measurement-api:20.1.1] AndroidManifest.xml:32:17-139
65                android:value="com.google.firebase.components.ComponentRegistrar" />
65-->[com.google.android.gms:play-services-measurement-api:20.1.1] AndroidManifest.xml:33:17-82
66            <meta-data
66-->[com.google.firebase:firebase-installations:17.0.1] AndroidManifest.xml:18:13-20:85
67                android:name="com.google.firebase.components:com.google.firebase.installations.FirebaseInstallationsRegistrar"
67-->[com.google.firebase:firebase-installations:17.0.1] AndroidManifest.xml:19:17-127
68                android:value="com.google.firebase.components.ComponentRegistrar" />
68-->[com.google.firebase:firebase-installations:17.0.1] AndroidManifest.xml:20:17-82
69        </service>
70
71        <provider
71-->[:react-native-firebase_app] AndroidManifest.xml:20:9-24:38
72            android:name="io.invertase.firebase.app.ReactNativeFirebaseAppInitProvider"
72-->[:react-native-firebase_app] AndroidManifest.xml:21:13-88
73            android:authorities="com.appname.reactnativefirebaseappinitprovider"
73-->[:react-native-firebase_app] AndroidManifest.xml:22:13-86
74            android:exported="false"
74-->[:react-native-firebase_app] AndroidManifest.xml:23:13-37
75            android:initOrder="99" />
75-->[:react-native-firebase_app] AndroidManifest.xml:24:13-35
76        <provider
76-->[com.google.firebase:firebase-common:20.1.0] AndroidManifest.xml:26:9-31:39
77            android:name="com.google.firebase.provider.FirebaseInitProvider"
77-->[com.google.firebase:firebase-common:20.1.0] AndroidManifest.xml:27:13-77
78            android:authorities="com.appname.firebaseinitprovider"
78-->[com.google.firebase:firebase-common:20.1.0] AndroidManifest.xml:28:13-72
79            android:directBootAware="true"
79-->[com.google.firebase:firebase-common:20.1.0] AndroidManifest.xml:29:13-43
80            android:exported="false"
80-->[com.google.firebase:firebase-common:20.1.0] AndroidManifest.xml:30:13-37
81            android:initOrder="100" />
81-->[com.google.firebase:firebase-common:20.1.0] AndroidManifest.xml:31:13-36
82
83        <activity
83-->[com.google.android.gms:play-services-auth:20.1.0] AndroidManifest.xml:23:9-27:75
84            android:name="com.google.android.gms.auth.api.signin.internal.SignInHubActivity"
84-->[com.google.android.gms:play-services-auth:20.1.0] AndroidManifest.xml:24:13-93
85            android:excludeFromRecents="true"
85-->[com.google.android.gms:play-services-auth:20.1.0] AndroidManifest.xml:25:13-46
86            android:exported="false"
86-->[com.google.android.gms:play-services-auth:20.1.0] AndroidManifest.xml:26:13-37
87            android:theme="@android:style/Theme.Translucent.NoTitleBar" />
87-->[com.google.android.gms:play-services-auth:20.1.0] AndroidManifest.xml:27:13-72
88        <!--
89            Service handling Google Sign-In user revocation. For apps that do not integrate with
90            Google Sign-In, this service will never be started.
91        -->
92        <service
92-->[com.google.android.gms:play-services-auth:20.1.0] AndroidManifest.xml:33:9-37:51
93            android:name="com.google.android.gms.auth.api.signin.RevocationBoundService"
93-->[com.google.android.gms:play-services-auth:20.1.0] AndroidManifest.xml:34:13-89
94            android:exported="true"
94-->[com.google.android.gms:play-services-auth:20.1.0] AndroidManifest.xml:35:13-36
95            android:permission="com.google.android.gms.auth.api.signin.permission.REVOCATION_NOTIFICATION"
95-->[com.google.android.gms:play-services-auth:20.1.0] AndroidManifest.xml:36:13-107
96            android:visibleToInstantApps="true" /> <!-- Needs to be explicitly declared on P+ -->
96-->[com.google.android.gms:play-services-auth:20.1.0] AndroidManifest.xml:37:13-48
97        <uses-library
97-->[com.google.android.gms:play-services-maps:17.0.0] AndroidManifest.xml:33:9-35:40
98            android:name="org.apache.http.legacy"
98-->[com.google.android.gms:play-services-maps:17.0.0] AndroidManifest.xml:34:13-50
99            android:required="false" />
99-->[com.google.android.gms:play-services-maps:17.0.0] AndroidManifest.xml:35:13-37
100
101        <activity
101-->[com.google.android.gms:play-services-base:18.0.1] AndroidManifest.xml:20:9-22:45
102            android:name="com.google.android.gms.common.api.GoogleApiActivity"
102-->[com.google.android.gms:play-services-base:18.0.1] AndroidManifest.xml:20:19-85
103            android:exported="false"
103-->[com.google.android.gms:play-services-base:18.0.1] AndroidManifest.xml:22:19-43
104            android:theme="@android:style/Theme.Translucent.NoTitleBar" />
104-->[com.google.android.gms:play-services-base:18.0.1] AndroidManifest.xml:21:19-78
105
106        <receiver
106-->[com.google.android.gms:play-services-measurement:20.1.1] AndroidManifest.xml:29:9-33:20
107            android:name="com.google.android.gms.measurement.AppMeasurementReceiver"
107-->[com.google.android.gms:play-services-measurement:20.1.1] AndroidManifest.xml:30:13-85
108            android:enabled="true"
108-->[com.google.android.gms:play-services-measurement:20.1.1] AndroidManifest.xml:31:13-35
109            android:exported="false" >
109-->[com.google.android.gms:play-services-measurement:20.1.1] AndroidManifest.xml:32:13-37
110        </receiver>
111
112        <service
112-->[com.google.android.gms:play-services-measurement:20.1.1] AndroidManifest.xml:35:9-38:40
113            android:name="com.google.android.gms.measurement.AppMeasurementService"
113-->[com.google.android.gms:play-services-measurement:20.1.1] AndroidManifest.xml:36:13-84
114            android:enabled="true"
114-->[com.google.android.gms:play-services-measurement:20.1.1] AndroidManifest.xml:37:13-35
115            android:exported="false" />
115-->[com.google.android.gms:play-services-measurement:20.1.1] AndroidManifest.xml:38:13-37
116        <service
116-->[com.google.android.gms:play-services-measurement:20.1.1] AndroidManifest.xml:39:9-43:72
117            android:name="com.google.android.gms.measurement.AppMeasurementJobService"
117-->[com.google.android.gms:play-services-measurement:20.1.1] AndroidManifest.xml:40:13-87
118            android:enabled="true"
118-->[com.google.android.gms:play-services-measurement:20.1.1] AndroidManifest.xml:41:13-35
119            android:exported="false"
119-->[com.google.android.gms:play-services-measurement:20.1.1] AndroidManifest.xml:42:13-37
120            android:permission="android.permission.BIND_JOB_SERVICE" />
120-->[com.google.android.gms:play-services-measurement:20.1.1] AndroidManifest.xml:43:13-69
121
122        <meta-data
122-->[com.google.android.gms:play-services-basement:18.0.0] AndroidManifest.xml:21:9-23:69
123            android:name="com.google.android.gms.version"
123-->[com.google.android.gms:play-services-basement:18.0.0] AndroidManifest.xml:22:13-58
124            android:value="@integer/google_play_services_version" />
124-->[com.google.android.gms:play-services-basement:18.0.0] AndroidManifest.xml:23:13-66
125    </application>
126
127</manifest>